c:\users\ikumar\documents\visual studio 2015\projects\dreamer\dreamer\debug\vc140.pdb
c:\users\ikumar\documents\visual studio 2015\projects\dreamer\dreamer\debug\vc140.idb
c:\users\ikumar\documents\visual studio 2015\projects\dreamer\dreamer\debug\acow.obj
c:\users\ikumar\documents\visual studio 2015\projects\dreamer\dreamer\debug\bseaerch2.obj
c:\users\ikumar\documents\visual studio 2015\projects\dreamer\dreamer\debug\bsearch1.obj
c:\users\ikumar\documents\visual studio 2015\projects\dreamer\dreamer\debug\hackrandomnumber.obj
c:\users\ikumar\documents\visual studio 2015\projects\dreamer\dreamer\debug\hackrandomnumber_1.obj
c:\users\ikumar\documents\visual studio 2015\projects\dreamer\dreamer\debug\latern.obj
c:\users\ikumar\documents\visual studio 2015\projects\dreamer\dreamer\debug\latern1.obj
c:\users\ikumar\documents\visual studio 2015\projects\dreamer\dreamer\debug\new_yearcpp.obj
c:\users\ikumar\documents\visual studio 2015\projects\dreamer\dreamer\debug\newyear_sh.obj
c:\users\ikumar\documents\visual studio 2015\projects\dreamer\debug\binarysearch.ilk
c:\users\ikumar\documents\visual studio 2015\projects\dreamer\debug\binarysearch.exe
c:\users\ikumar\documents\visual studio 2015\projects\dreamer\debug\binarysearch.pdb
c:\users\ikumar\documents\visual studio 2015\projects\dreamer\dreamer\debug\newyear_sh.obj.enc
c:\users\ikumar\documents\visual studio 2015\projects\dreamer\dreamer\debug\binarysearch.tlog\cl.command.1.tlog
c:\users\ikumar\documents\visual studio 2015\projects\dreamer\dreamer\debug\binarysearch.tlog\cl.read.1.tlog
c:\users\ikumar\documents\visual studio 2015\projects\dreamer\dreamer\debug\binarysearch.tlog\cl.write.1.tlog
c:\users\ikumar\documents\visual studio 2015\projects\dreamer\dreamer\debug\binarysearch.tlog\link.command.1.tlog
c:\users\ikumar\documents\visual studio 2015\projects\dreamer\dreamer\debug\binarysearch.tlog\link.read.1.tlog
c:\users\ikumar\documents\visual studio 2015\projects\dreamer\dreamer\debug\binarysearch.tlog\link.write.1.tlog
